<?xml version="1.0" encoding="UTF-8"?>
<!-- Generated by org.testng.reporters.JUnitReportReporter -->
<testsuite hostname="Ajay3147361" name="com.lala.test.DriveToCompleteOrderTest" tests="5" failures="0" timestamp="6 Dec 2018 10:01:40 GMT" time="0.695" errors="0">
  <testcase name="verifyDriveToCompleteForCompletedOrder" time="0.043" classname="com.lala.test.DriveToCompleteOrderTest"/>
  <testcase name="verifyDriveToCompleteForNonExistingOrder" time="0.022" classname="com.lala.test.DriveToCompleteOrderTest"/>
  <testcase name="verifyDriveToCompleteForNewOrder" time="0.545" classname="com.lala.test.DriveToCompleteOrderTest"/>
  <testcase name="verifyDriveToCompleteForCancelOrder" time="0.038" classname="com.lala.test.DriveToCompleteOrderTest"/>
  <testcase name="verifyDriveToCompleteForOnderOnAssignedState" time="0.047" classname="com.lala.test.DriveToCompleteOrderTest"/>
</testsuite> <!-- com.lala.test.DriveToCompleteOrderTest -->
