<?xml version="1.0" encoding="UTF-8"?>
<!-- Generated by org.testng.reporters.JUnitReportReporter -->
<testsuite hostname="Ajay3147361" name="com.lala.test.CancelOrderTest" tests="1" failures="0" timestamp="19 Nov 2018 09:05:07 GMT" time="0.409" errors="0">
  <testcase name="verifyCancelOrder" time="0.409" classname="com.lala.test.CancelOrderTest"/>
</testsuite> <!-- com.lala.test.CancelOrderTest -->
