<?xml version="1.0" encoding="UTF-8"?>
<!-- Generated by org.testng.reporters.JUnitReportReporter -->
<testsuite hostname="Stock10671.local" name="getRequest.GetData" tests="1" failures="0" timestamp="17 Nov 2018 06:36:44 GMT" time="1.445" errors="0">
  <testcase name="testResponseCode" time="1.445" classname="getRequest.GetData"/>
</testsuite> <!-- getRequest.GetData -->
