<?xml version="1.0" encoding="UTF-8"?>
<!-- Generated by org.testng.reporters.JUnitReportReporter -->
<testsuite hostname="Ajay3147361" name="com.lala.test.CancelOrderTest" tests="6" failures="0" timestamp="5 Dec 2018 12:42:39 GMT" time="0.340" errors="0">
  <testcase name="verifyCancelExistingOrder" time="0.017" classname="com.lala.test.CancelOrderTest"/>
  <testcase name="verifyCancelOrderForCompletedOrder" time="0.036" classname="com.lala.test.CancelOrderTest"/>
  <testcase name="verifyCancelOrderForAlreadyCancelledOrder" time="0.026" classname="com.lala.test.CancelOrderTest"/>
  <testcase name="verifyCancelNewOrder" time="0.225" classname="com.lala.test.CancelOrderTest"/>
  <testcase name="verifyCancelNonExistingOrder" time="0.017" classname="com.lala.test.CancelOrderTest"/>
  <testcase name="verifyCancelOrderForOnGoingOrder" time="0.019" classname="com.lala.test.CancelOrderTest"/>
</testsuite> <!-- com.lala.test.CancelOrderTest -->
