<?xml version="1.0" encoding="UTF-8"?>
<!-- Generated by org.testng.reporters.JUnitReportReporter -->
<testsuite hostname="Ajay3147361" name="com.lala.test.FetchOrderTest" tests="3" failures="0" timestamp="5 Dec 2018 07:58:16 GMT" time="1.043" errors="0">
  <testcase name="verifyFetchOrderForNewOrder" time="0.992" classname="com.lala.test.FetchOrderTest"/>
  <testcase name="verifyFetchOrderWhenOrderDoesNotExist" time="0.031" classname="com.lala.test.FetchOrderTest"/>
  <testcase name="verifyFetchOrderWhenOrderExist" time="0.020" classname="com.lala.test.FetchOrderTest"/>
</testsuite> <!-- com.lala.test.FetchOrderTest -->
