<?xml version="1.0" encoding="UTF-8"?>
<!-- Generated by org.testng.reporters.JUnitReportReporter -->
<testsuite hostname="Ajay3147361" name="com.lala.test.CancelOrderTest" tests="6" failures="0" timestamp="30 Nov 2018 10:22:52 GMT" time="0.330" errors="0">
  <testcase name="verifyCancelOrderForAlreadyCancelledOrder" time="0.029" classname="com.lala.test.CancelOrderTest"/>
  <testcase name="verifyCancelOrderForCompletedOrder" time="0.029" classname="com.lala.test.CancelOrderTest"/>
  <testcase name="verifyCancelExistingOrder" time="0.049" classname="com.lala.test.CancelOrderTest"/>
  <testcase name="verifyCancelNonExistingOrder" time="0.026" classname="com.lala.test.CancelOrderTest"/>
  <testcase name="verifyCancelOrderForOnGoingOrder" time="0.029" classname="com.lala.test.CancelOrderTest"/>
  <testcase name="verifyCancelNewOrder" time="0.168" classname="com.lala.test.CancelOrderTest"/>
</testsuite> <!-- com.lala.test.CancelOrderTest -->
