<?xml version="1.0" encoding="UTF-8"?>
<!-- Generated by org.testng.reporters.JUnitReportReporter -->
<testsuite hostname="Ajay3147361" name="com.lala.test.FetchOrderTest" tests="2" failures="0" timestamp="20 Nov 2018 10:30:46 GMT" time="0.558" errors="0">
  <testcase name="verifyFetchOrderWhenOrderDoesNotExist" time="0.178" classname="com.lala.test.FetchOrderTest"/>
  <testcase name="verifyFetchOrderWhenOrderExist" time="0.380" classname="com.lala.test.FetchOrderTest"/>
</testsuite> <!-- com.lala.test.FetchOrderTest -->
