<?xml version="1.0" encoding="UTF-8"?>
<!-- Generated by org.testng.reporters.JUnitReportReporter -->
<testsuite hostname="Ajay3147361" name="com.lala.test.DriveToCompleteOrderTest" tests="5" failures="0" timestamp="5 Dec 2018 12:42:39 GMT" time="0.475" errors="0">
  <testcase name="verifyDriveToCompleteForNonExistingOrder" time="0.015" classname="com.lala.test.DriveToCompleteOrderTest"/>
  <testcase name="verifyDriveToCompleteForCancelOrder" time="0.030" classname="com.lala.test.DriveToCompleteOrderTest"/>
  <testcase name="verifyDriveToCompleteForCompletedOrder" time="0.028" classname="com.lala.test.DriveToCompleteOrderTest"/>
  <testcase name="verifyDriveToCompleteForNewOrder" time="0.376" classname="com.lala.test.DriveToCompleteOrderTest"/>
  <testcase name="verifyDriveToCompleteForOnderOnAssignedState" time="0.026" classname="com.lala.test.DriveToCompleteOrderTest"/>
</testsuite> <!-- com.lala.test.DriveToCompleteOrderTest -->
