<?xml version="1.0" encoding="UTF-8"?>
<!-- Generated by org.testng.reporters.JUnitReportReporter -->
<testsuite hostname="Ajay3147361" name="com.lala.test.PlaceOrderTest" tests="1" failures="0" timestamp="19 Nov 2018 09:05:07 GMT" time="1.592" errors="0">
  <testcase name="verifyPlaceOrder" time="1.592" classname="com.lala.test.PlaceOrderTest"/>
</testsuite> <!-- com.lala.test.PlaceOrderTest -->
