<?xml version="1.0" encoding="UTF-8"?>
<!-- Generated by org.testng.reporters.JUnitReportReporter -->
<testsuite hostname="Stock10671.local" name="com.lala.test.RunTest" tests="1" failures="0" timestamp="17 Nov 2018 11:18:09 GMT" time="1.668" errors="0">
  <testcase name="verifyCancelOrder" time="1.668" classname="com.lala.test.RunTest"/>
</testsuite> <!-- com.lala.test.RunTest -->
