<?xml version="1.0" encoding="UTF-8"?>
<!-- Generated by org.testng.reporters.JUnitReportReporter -->
<testsuite hostname="Ajay3147361" name="com.lala.test.CancelOrderTest" tests="1" failures="0" timestamp="29 Nov 2018 09:50:45 GMT" time="83.942" errors="0">
  <testcase name="verifyCancelExistingOrder" time="83.942" classname="com.lala.test.CancelOrderTest"/>
</testsuite> <!-- com.lala.test.CancelOrderTest -->
