<?xml version="1.0" encoding="UTF-8"?>
<!-- Generated by org.testng.reporters.JUnitReportReporter -->
<testsuite hostname="Ajay3147361" name="com.lala.test.CancelOrderTest" tests="6" failures="0" timestamp="4 Dec 2018 09:27:19 GMT" time="0.370" errors="0">
  <testcase name="verifyCancelNonExistingOrder" time="0.014" classname="com.lala.test.CancelOrderTest"/>
  <testcase name="verifyCancelOrderForAlreadyCancelledOrder" time="0.022" classname="com.lala.test.CancelOrderTest"/>
  <testcase name="verifyCancelNewOrder" time="0.276" classname="com.lala.test.CancelOrderTest"/>
  <testcase name="verifyCancelOrderForCompletedOrder" time="0.022" classname="com.lala.test.CancelOrderTest"/>
  <testcase name="verifyCancelExistingOrder" time="0.019" classname="com.lala.test.CancelOrderTest"/>
  <testcase name="verifyCancelOrderForOnGoingOrder" time="0.017" classname="com.lala.test.CancelOrderTest"/>
</testsuite> <!-- com.lala.test.CancelOrderTest -->
