<?xml version="1.0" encoding="UTF-8"?>
<!-- Generated by org.testng.reporters.JUnitReportReporter -->
<testsuite hostname="Ajay3147361" name="com.lala.test.CancelOrderTest" tests="6" failures="0" timestamp="5 Dec 2018 07:58:16 GMT" time="0.402" errors="0">
  <testcase name="verifyCancelNonExistingOrder" time="0.015" classname="com.lala.test.CancelOrderTest"/>
  <testcase name="verifyCancelOrderForOnGoingOrder" time="0.020" classname="com.lala.test.CancelOrderTest"/>
  <testcase name="verifyCancelNewOrder" time="0.290" classname="com.lala.test.CancelOrderTest"/>
  <testcase name="verifyCancelOrderForCompletedOrder" time="0.028" classname="com.lala.test.CancelOrderTest"/>
  <testcase name="verifyCancelExistingOrder" time="0.021" classname="com.lala.test.CancelOrderTest"/>
  <testcase name="verifyCancelOrderForAlreadyCancelledOrder" time="0.028" classname="com.lala.test.CancelOrderTest"/>
</testsuite> <!-- com.lala.test.CancelOrderTest -->
