<?xml version="1.0" encoding="UTF-8"?>
<!-- Generated by org.testng.reporters.JUnitReportReporter -->
<testsuite hostname="Ajay3147361" name="com.lala.test.FetchOrderTest" tests="3" failures="0" timestamp="4 Dec 2018 11:17:24 GMT" time="0.449" errors="0">
  <testcase name="verifyFetchOrderForNewOrder" time="0.403" classname="com.lala.test.FetchOrderTest"/>
  <testcase name="verifyFetchOrderWhenOrderDoesNotExist" time="0.024" classname="com.lala.test.FetchOrderTest"/>
  <testcase name="verifyFetchOrderWhenOrderExist" time="0.022" classname="com.lala.test.FetchOrderTest"/>
</testsuite> <!-- com.lala.test.FetchOrderTest -->
