<?xml version="1.0" encoding="UTF-8"?>
<!-- Generated by org.testng.reporters.JUnitReportReporter -->
<testsuite hostname="Ajay3147361" name="com.lala.test.DriveToTakeOrderTest" tests="1" failures="0" timestamp="20 Nov 2018 10:30:46 GMT" time="0.384" errors="0">
  <testcase name="verifyDriveToTakeOrder" time="0.384" classname="com.lala.test.DriveToTakeOrderTest"/>
</testsuite> <!-- com.lala.test.DriveToTakeOrderTest -->
