<?xml version="1.0" encoding="UTF-8"?>
<!-- Generated by org.testng.reporters.JUnitReportReporter -->
<testsuite hostname="Ajay3147361" name="com.lala.test.CancelOrderTest" tests="2" failures="0" timestamp="29 Nov 2018 11:04:44 GMT" time="2.081" errors="0">
  <testcase name="verifyCancelExistingOrder" time="1.015" classname="com.lala.test.CancelOrderTest"/>
  <testcase name="verifyCancelNewOrder" time="1.066" classname="com.lala.test.CancelOrderTest"/>
</testsuite> <!-- com.lala.test.CancelOrderTest -->
