<?xml version="1.0" encoding="UTF-8"?>
<!-- Generated by org.testng.reporters.JUnitReportReporter -->
<testsuite hostname="Ajay3147361" name="com.lala.test.CancelOrderTest" tests="6" failures="0" timestamp="4 Dec 2018 11:11:34 GMT" time="0.339" errors="0">
  <testcase name="verifyCancelNonExistingOrder" time="0.013" classname="com.lala.test.CancelOrderTest"/>
  <testcase name="verifyCancelExistingOrder" time="0.018" classname="com.lala.test.CancelOrderTest"/>
  <testcase name="verifyCancelOrderForAlreadyCancelledOrder" time="0.027" classname="com.lala.test.CancelOrderTest"/>
  <testcase name="verifyCancelOrderForCompletedOrder" time="0.027" classname="com.lala.test.CancelOrderTest"/>
  <testcase name="verifyCancelNewOrder" time="0.229" classname="com.lala.test.CancelOrderTest"/>
  <testcase name="verifyCancelOrderForOnGoingOrder" time="0.025" classname="com.lala.test.CancelOrderTest"/>
</testsuite> <!-- com.lala.test.CancelOrderTest -->
