<?xml version="1.0" encoding="UTF-8"?>
<!-- Generated by org.testng.reporters.JUnitReportReporter -->
<testsuite hostname="Ajay3147361" name="com.lala.test.FetchOrderTest" tests="3" failures="0" timestamp="5 Dec 2018 12:42:39 GMT" time="0.329" errors="0">
  <testcase name="verifyFetchOrderWhenOrderExist" time="0.021" classname="com.lala.test.FetchOrderTest"/>
  <testcase name="verifyFetchOrderWhenOrderDoesNotExist" time="0.021" classname="com.lala.test.FetchOrderTest"/>
  <testcase name="verifyFetchOrderForNewOrder" time="0.287" classname="com.lala.test.FetchOrderTest"/>
</testsuite> <!-- com.lala.test.FetchOrderTest -->
