<?xml version="1.0" encoding="UTF-8"?>
<!-- Generated by org.testng.reporters.JUnitReportReporter -->
<testsuite hostname="Ajay3147361" name="com.lala.test.DriveToTakeOrderTest" tests="1" failures="0" timestamp="29 Nov 2018 12:39:00 GMT" time="1.058" errors="0">
  <testcase name="verifyDriveToTakeOnOrderDoesNotExist" time="1.058" classname="com.lala.test.DriveToTakeOrderTest"/>
</testsuite> <!-- com.lala.test.DriveToTakeOrderTest -->
