<?xml version="1.0" encoding="UTF-8"?>
<!-- Generated by org.testng.reporters.JUnitReportReporter -->
<testsuite hostname="Ajay3147361" name="com.lala.test.FetchOrderTest" tests="1" failures="0" timestamp="29 Nov 2018 12:00:24 GMT" time="0.959" errors="0">
  <testcase name="verifyFetchOrderWhenOrderDoesNotExist" time="0.959" classname="com.lala.test.FetchOrderTest"/>
</testsuite> <!-- com.lala.test.FetchOrderTest -->
