<?xml version="1.0" encoding="UTF-8"?>
<!-- Generated by org.testng.reporters.JUnitReportReporter -->
<testsuite hostname="Ajay3147361" name="com.lala.test.DriveToCompleteOrderTest" tests="1" failures="0" timestamp="20 Nov 2018 10:30:46 GMT" time="0.587" errors="0">
  <testcase name="verifyDriveToComplete" time="0.587" classname="com.lala.test.DriveToCompleteOrderTest"/>
</testsuite> <!-- com.lala.test.DriveToCompleteOrderTest -->
