<?xml version="1.0" encoding="UTF-8"?>
<!-- Generated by org.testng.reporters.JUnitReportReporter -->
<testsuite hostname="Ajay3147361" name="com.lala.test.DriveToCompleteOrderTest" tests="5" failures="0" timestamp="4 Dec 2018 11:11:34 GMT" time="0.362" errors="0">
  <testcase name="verifyDriveToCompleteForNonExistingOrder" time="0.012" classname="com.lala.test.DriveToCompleteOrderTest"/>
  <testcase name="verifyDriveToCompleteForCancelOrder" time="0.026" classname="com.lala.test.DriveToCompleteOrderTest"/>
  <testcase name="verifyDriveToCompleteForCompletedOrder" time="0.036" classname="com.lala.test.DriveToCompleteOrderTest"/>
  <testcase name="verifyDriveToCompleteForOnderOnAssignedState" time="0.031" classname="com.lala.test.DriveToCompleteOrderTest"/>
  <testcase name="verifyDriveToCompleteForNewOrder" time="0.257" classname="com.lala.test.DriveToCompleteOrderTest"/>
</testsuite> <!-- com.lala.test.DriveToCompleteOrderTest -->
