<?xml version="1.0" encoding="UTF-8"?>
<!-- Generated by org.testng.reporters.JUnitReportReporter -->
<testsuite hostname="Stock10671.local" name="com.lala.test.RunTest" tests="1" failures="0" timestamp="17 Nov 2018 12:33:50 GMT" time="1.635" errors="0">
  <testcase name="verifyPlaceOrder" time="1.635" classname="com.lala.test.RunTest"/>
</testsuite> <!-- com.lala.test.RunTest -->
