<?xml version="1.0" encoding="UTF-8"?>
<!-- Generated by org.testng.reporters.JUnitReportReporter -->
<testsuite hostname="Ajay3147361" name="com.lala.test.RunTest" tests="6" failures="0" timestamp="19 Nov 2018 08:39:24 GMT" time="3.546" errors="0">
  <testcase name="verifyDriveToComplete" time="0.601" classname="com.lala.test.RunTest"/>
  <testcase name="verifyFetchOrderWhenOrderDoesNotExist" time="0.172" classname="com.lala.test.RunTest"/>
  <testcase name="verifyPlaceOrder" time="1.503" classname="com.lala.test.RunTest"/>
  <testcase name="verifyDriveToTakeOrder" time="0.474" classname="com.lala.test.RunTest"/>
  <testcase name="verifyFetchOrderWhenOrderExist" time="0.375" classname="com.lala.test.RunTest"/>
  <testcase name="verifyCancelOrder" time="0.421" classname="com.lala.test.RunTest"/>
</testsuite> <!-- com.lala.test.RunTest -->
