<?xml version="1.0" encoding="UTF-8"?>
<!-- Generated by org.testng.reporters.JUnitReportReporter -->
<testsuite hostname="Ajay3147361" name="com.lala.test.FetchOrderTest" tests="3" failures="0" timestamp="29 Nov 2018 13:40:03 GMT" time="0.339" errors="0">
  <testcase name="verifyFetchOrderWhenOrderDoesNotExist" time="0.017" classname="com.lala.test.FetchOrderTest"/>
  <testcase name="verifyFetchOrderForNewOrder" time="0.302" classname="com.lala.test.FetchOrderTest"/>
  <testcase name="verifyFetchOrderWhenOrderExist" time="0.020" classname="com.lala.test.FetchOrderTest"/>
</testsuite> <!-- com.lala.test.FetchOrderTest -->
