<?xml version="1.0" encoding="UTF-8"?>
<!-- Generated by org.testng.reporters.JUnitReportReporter -->
<testsuite hostname="Ajay3147361" name="com.lala.test.DriveToCompleteOrderTest" tests="1" failures="0" timestamp="29 Nov 2018 12:55:34 GMT" time="0.942" errors="0">
  <testcase name="verifyDriveToCompleteForNonExistingOrder" time="0.942" classname="com.lala.test.DriveToCompleteOrderTest"/>
</testsuite> <!-- com.lala.test.DriveToCompleteOrderTest -->
