<?xml version="1.0" encoding="UTF-8"?>
<!-- Generated by org.testng.reporters.JUnitReportReporter -->
<testsuite hostname="Ajay3147361" name="com.lala.test.CancelOrderTest" tests="6" failures="0" timestamp="29 Nov 2018 13:40:03 GMT" time="0.480" errors="0">
  <testcase name="verifyCancelOrderForAlreadyCancelledOrder" time="0.017" classname="com.lala.test.CancelOrderTest"/>
  <testcase name="verifyCancelExistingOrder" time="0.016" classname="com.lala.test.CancelOrderTest"/>
  <testcase name="verifyCancelNewOrder" time="0.404" classname="com.lala.test.CancelOrderTest"/>
  <testcase name="verifyCancelOrderForOnGoingOrder" time="0.017" classname="com.lala.test.CancelOrderTest"/>
  <testcase name="verifyCancelNonExistingOrder" time="0.012" classname="com.lala.test.CancelOrderTest"/>
  <testcase name="verifyCancelOrderForCompletedOrder" time="0.014" classname="com.lala.test.CancelOrderTest"/>
</testsuite> <!-- com.lala.test.CancelOrderTest -->
