<?xml version="1.0" encoding="UTF-8"?>
<!-- Generated by org.testng.reporters.JUnitReportReporter -->
<testsuite hostname="Ajay3147361" name="com.lala.test.FetchOrderTest" tests="3" failures="0" timestamp="30 Nov 2018 09:45:27 GMT" time="0.352" errors="0">
  <testcase name="verifyFetchOrderWhenOrderDoesNotExist" time="0.019" classname="com.lala.test.FetchOrderTest"/>
  <testcase name="verifyFetchOrderForNewOrder" time="0.309" classname="com.lala.test.FetchOrderTest"/>
  <testcase name="verifyFetchOrderWhenOrderExist" time="0.024" classname="com.lala.test.FetchOrderTest"/>
</testsuite> <!-- com.lala.test.FetchOrderTest -->
