<?xml version="1.0" encoding="UTF-8"?>
<!-- Generated by org.testng.reporters.JUnitReportReporter -->
<testsuite hostname="Ajay3147361" name="com.lala.test.CancelOrderTest" tests="1" failures="0" timestamp="20 Nov 2018 10:47:54 GMT" time="1.681" errors="0">
  <testcase name="verifyCancelOrder" time="1.681" classname="com.lala.test.CancelOrderTest"/>
</testsuite> <!-- com.lala.test.CancelOrderTest -->
