<?xml version="1.0" encoding="UTF-8"?>
<!-- Generated by org.testng.reporters.JUnitReportReporter -->
<testsuite hostname="Stock10671.local" name="com.lala.test.RunTest" tests="1" failures="0" timestamp="18 Nov 2018 07:20:01 GMT" time="1.519" errors="0">
  <testcase name="verifyDriveToComplete" time="1.519" classname="com.lala.test.RunTest"/>
</testsuite> <!-- com.lala.test.RunTest -->
