<?xml version="1.0" encoding="UTF-8"?>
<!-- Generated by org.testng.reporters.JUnitReportReporter -->
<testsuite hostname="Ajay3147361" name="com.lala.test.FetchOrderTest" tests="3" failures="0" timestamp="6 Dec 2018 10:01:40 GMT" time="0.722" errors="0">
  <testcase name="verifyFetchOrderWhenOrderDoesNotExist" time="0.020" classname="com.lala.test.FetchOrderTest"/>
  <testcase name="verifyFetchOrderWhenOrderExist" time="0.020" classname="com.lala.test.FetchOrderTest"/>
  <testcase name="verifyFetchOrderForNewOrder" time="0.682" classname="com.lala.test.FetchOrderTest"/>
</testsuite> <!-- com.lala.test.FetchOrderTest -->
