<?xml version="1.0" encoding="UTF-8"?>
<!-- Generated by org.testng.reporters.JUnitReportReporter -->
<testsuite hostname="Ajay3147361" name="com.lala.test.PlaceOrderTest" tests="1" failures="0" timestamp="29 Nov 2018 08:55:17 GMT" time="2.279" errors="0">
  <testcase name="verifyNewOrder" time="2.279" classname="com.lala.test.PlaceOrderTest"/>
</testsuite> <!-- com.lala.test.PlaceOrderTest -->
