<?xml version="1.0" encoding="UTF-8"?>
<!-- Generated by org.testng.reporters.JUnitReportReporter -->
<testsuite hostname="Ajay3147361" name="com.lala.test.PlaceOrderTest" tests="1" failures="0" timestamp="6 Dec 2018 06:15:07 GMT" time="1.574" errors="0">
  <testcase name="verifyNewOrderWithInvalidPayload" time="1.574" classname="com.lala.test.PlaceOrderTest"/>
</testsuite> <!-- com.lala.test.PlaceOrderTest -->
