<?xml version="1.0" encoding="UTF-8"?>
<!-- Generated by org.testng.reporters.JUnitReportReporter -->
<testsuite hostname="Ajay3147361" name="com.lala.test.FetchOrderTest" tests="3" failures="0" timestamp="4 Dec 2018 09:27:19 GMT" time="0.308" errors="0">
  <testcase name="verifyFetchOrderWhenOrderExist" time="0.016" classname="com.lala.test.FetchOrderTest"/>
  <testcase name="verifyFetchOrderForNewOrder" time="0.275" classname="com.lala.test.FetchOrderTest"/>
  <testcase name="verifyFetchOrderWhenOrderDoesNotExist" time="0.017" classname="com.lala.test.FetchOrderTest"/>
</testsuite> <!-- com.lala.test.FetchOrderTest -->
