<?xml version="1.0" encoding="UTF-8"?>
<!-- Generated by org.testng.reporters.JUnitReportReporter -->
<testsuite hostname="Ajay3147361" name="com.lala.test.PlaceOrderTest" tests="8" failures="0" timestamp="6 Dec 2018 10:01:40 GMT" time="5.557" errors="0">
  <testcase name="verifyingDistanceCount" time="0.480" classname="com.lala.test.PlaceOrderTest"/>
  <testcase name="verifyNewOrderWithInvalidPayload" time="0.041" classname="com.lala.test.PlaceOrderTest"/>
  <testcase name="verifyTripCostNotIn9to5" time="0.416" classname="com.lala.test.PlaceOrderTest"/>
  <testcase name="verifyFutureOrder" time="2.979" classname="com.lala.test.PlaceOrderTest"/>
  <testcase name="verifyNewOrderWithInvalidOrigin" time="0.321" classname="com.lala.test.PlaceOrderTest"/>
  <testcase name="verifyPastDateOrderRequest" time="0.039" classname="com.lala.test.PlaceOrderTest"/>
  <testcase name="verifyTripCostIn9to5" time="0.912" classname="com.lala.test.PlaceOrderTest"/>
  <testcase name="verifyNewOrder" time="0.369" classname="com.lala.test.PlaceOrderTest"/>
</testsuite> <!-- com.lala.test.PlaceOrderTest -->
