<?xml version="1.0" encoding="UTF-8"?>
<!-- Generated by org.testng.reporters.JUnitReportReporter -->
<testsuite hostname="Ajay3147361" name="com.lala.test.DriveToCompleteOrderTest" tests="1" failures="0" timestamp="19 Nov 2018 09:05:07 GMT" time="0.611" errors="0">
  <testcase name="verifyDriveToComplete" time="0.611" classname="com.lala.test.DriveToCompleteOrderTest"/>
</testsuite> <!-- com.lala.test.DriveToCompleteOrderTest -->
