<?xml version="1.0" encoding="UTF-8"?>
<!-- Generated by org.testng.reporters.JUnitReportReporter -->
<testsuite hostname="Ajay3147361" name="com.lala.test.PlaceOrderTest" tests="1" failures="0" timestamp="5 Dec 2018 12:42:39 GMT" time="2.210" errors="0">
  <testcase name="verifyNewOrder" time="2.210" classname="com.lala.test.PlaceOrderTest"/>
</testsuite> <!-- com.lala.test.PlaceOrderTest -->
